<?xml version="1.0" encoding="UTF-8"?>
<!-- Generated by org.testng.reporters.JUnitXMLReporter -->
<testsuite ignored="0" hostname="DESKTOP-E4QNE7I" failures="0" tests="4" name="Default test" time="20.377" errors="0" timestamp="2026-02-02T21:16:09 IST">
  <testcase classname="com.TestNG_Selenium.Day26_runner" name="testLogin" time="1.681"/>
  <testcase classname="com.TestNG_Selenium.Day26_runner" name="testLogin" time="0.697"/>
  <testcase classname="com.TestNG_Selenium.Day26_runner" name="testLogin" time="0.679"/>
  <testcase classname="com.TestNG_Selenium.Day26_runner" name="testLogin" time="0.623"/>
</testsuite> <!-- Default test -->
