<?xml version="1.0" encoding="UTF-8"?>
<!-- Generated by org.testng.reporters.JUnitXMLReporter -->
<testsuite ignored="0" hostname="DESKTOP-E4QNE7I" failures="2" tests="14" name="Test" time="239.407" errors="0" timestamp="2026-02-06T14:33:13 IST">
  <testcase classname="com.iRetryAnalyser_1.TestCase" name="testLogin" time="1.761"/>
  <testcase classname="com.iRetryAnalyser_1.TestCase" name="testLogin" time="0.637">
    <skipped/>
  </testcase> <!-- testLogin -->
  <testcase classname="com.iRetryAnalyser_1.TestCase" name="testLogin" time="0.619">
    <skipped/>
  </testcase> <!-- testLogin -->
  <testcase classname="com.iRetryAnalyser_1.TestCase" name="testLogin" time="0.57">
    <skipped/>
  </testcase> <!-- testLogin -->
  <testcase classname="com.iRetryAnalyser_1.TestCase" name="testLogin" time="0.52">
    <skipped/>
  </testcase> <!-- testLogin -->
  <testcase classname="com.iRetryAnalyser_1.TestCase" name="testLogin" time="0.571">
    <skipped/>
  </testcase> <!-- testLogin -->
  <testcase classname="com.iRetryAnalyser_1.TestCase" name="testLogin" time="0.047">
    <failure type="org.openqa.selenium.NoSuchElementException" message="no such element: Unable to locate element: {&amp;quot;method&amp;quot;:&amp;quot;css selector&amp;quot;,&amp;quot;selector&amp;quot;:&amp;quot;*[name=&amp;apos;username&amp;apos;]&amp;quot;}
  (Session info: chrome=144.0.7559.133)
For documentation on this error, please visit: https://www.selenium.dev/documentation/webdriver/troubleshooting/errors#nosuchelementexception
Build info: version: &amp;apos;4.38.0&amp;apos;, revision: &amp;apos;6b412e825c*&amp;apos;
System info: os.name: &amp;apos;Windows 11&amp;apos;, os.arch: &amp;apos;amd64&amp;apos;, os.version: &amp;apos;10.0&amp;apos;, java.version: &amp;apos;22.0.2&amp;apos;
Driver info: org.openqa.selenium.chrome.ChromeDriver
Command: [76155c0411514c07362b8651026a3baf, findElement {value=username, using=name}]
Capabilities {acceptInsecureCerts: false, browserName: chrome, browserVersion: 144.0.7559.133, chrome: {chromedriverVersion: 144.0.7559.133 (7da823b1d59..., userDataDir: C:\WINDOWS\SystemTemp\scope...}, fedcm:accounts: true, goog:chromeOptions: {debuggerAddress: localhost:59051}, goog:processID: 21084, networkConnectionEnabled: false, pageLoadStrategy: normal, platformName: windows, proxy: Proxy(), se:cdp: ws://localhost:59051/devtoo..., se:cdpVersion: 144.0.7559.133, setWindowRect: true, strictFileInteractability: false, timeouts: {implicit: 0, pageLoad: 300000, script: 30000}, unhandledPromptBehavior: dismiss and notify, webauthn:extension:credBlob: true, webauthn:extension:largeBlob: true, webauthn:extension:minPinLength: true, webauthn:extension:prf: true, webauthn:virtualAuthenticators: true}
Session ID: 76155c0411514c07362b8651026a3baf">
      <![CDATA[org.openqa.selenium.NoSuchElementException: no such element: Unable to locate element: {"method":"css selector","selector":"*[name='username']"}
  (Session info: chrome=144.0.7559.133)
For documentation on this error, please visit: https://www.selenium.dev/documentation/webdriver/troubleshooting/errors#nosuchelementexception
Build info: version: '4.38.0', revision: '6b412e825c*'
System info: os.name: 'Windows 11', os.arch: 'amd64', os.version: '10.0', java.version: '22.0.2'
Driver info: org.openqa.selenium.chrome.ChromeDriver
Command: [76155c0411514c07362b8651026a3baf, findElement {value=username, using=name}]
Capabilities {acceptInsecureCerts: false, browserName: chrome, browserVersion: 144.0.7559.133, chrome: {chromedriverVersion: 144.0.7559.133 (7da823b1d59..., userDataDir: C:\WINDOWS\SystemTemp\scope...}, fedcm:accounts: true, goog:chromeOptions: {debuggerAddress: localhost:59051}, goog:processID: 21084, networkConnectionEnabled: false, pageLoadStrategy: normal, platformName: windows, proxy: Proxy(), se:cdp: ws://localhost:59051/devtoo..., se:cdpVersion: 144.0.7559.133, setWindowRect: true, strictFileInteractability: false, timeouts: {implicit: 0, pageLoad: 300000, script: 30000}, unhandledPromptBehavior: dismiss and notify, webauthn:extension:credBlob: true, webauthn:extension:largeBlob: true, webauthn:extension:minPinLength: true, webauthn:extension:prf: true, webauthn:virtualAuthenticators: true}
Session ID: 76155c0411514c07362b8651026a3baf
at org.openqa.selenium.remote.ErrorCodec.decode(ErrorCodec.java:167)
at org.openqa.selenium.remote.codec.w3c.W3CHttpResponseCodec.decode(W3CHttpResponseCodec.java:138)
at org.openqa.selenium.remote.codec.w3c.W3CHttpResponseCodec.decode(W3CHttpResponseCodec.java:50)
at org.openqa.selenium.remote.HttpCommandExecutor.execute(HttpCommandExecutor.java:215)
at org.openqa.selenium.remote.service.DriverCommandExecutor.invokeExecute(DriverCommandExecutor.java:216)
at org.openqa.selenium.remote.service.DriverCommandExecutor.execute(DriverCommandExecutor.java:174)
at org.openqa.selenium.remote.RemoteWebDriver.execute(RemoteWebDriver.java:557)
at org.openqa.selenium.remote.ElementLocation$ElementFinder$2.findElement(ElementLocation.java:165)
at org.openqa.selenium.remote.ElementLocation.findElement(ElementLocation.java:66)
at org.openqa.selenium.remote.RemoteWebDriver.findElement(RemoteWebDriver.java:380)
at org.openqa.selenium.remote.RemoteWebDriver.findElement(RemoteWebDriver.java:374)
at org.openqa.selenium.support.pagefactory.DefaultElementLocator.findElement(DefaultElementLocator.java:68)
at org.openqa.selenium.support.pagefactory.internal.LocatingElementHandler.invoke(LocatingElementHandler.java:38)
at jdk.proxy2/jdk.proxy2.$Proxy13.clear(Unknown Source)
at com.iRetryAnalyser_1.Main.username(Main.java:34)
at com.iRetryAnalyser_1.TestCase.testLogin(TestCase.java:27)
at java.base/java.util.ArrayList.forEach(ArrayList.java:1597)
... Removed 28 stack frames]]>
    </failure>
  </testcase> <!-- testLogin -->
  <testcase classname="com.iRetryAnalyser_1.TestCase" name="testLogin" time="0.562"/>
  <testcase classname="com.iRetryAnalyser_1.TestCase" name="testLogin" time="0.628">
    <skipped/>
  </testcase> <!-- testLogin -->
  <testcase classname="com.iRetryAnalyser_1.TestCase" name="testLogin" time="0.548">
    <skipped/>
  </testcase> <!-- testLogin -->
  <testcase classname="com.iRetryAnalyser_1.TestCase" name="testLogin" time="0.509">
    <skipped/>
  </testcase> <!-- testLogin -->
  <testcase classname="com.iRetryAnalyser_1.TestCase" name="testLogin" time="0.549">
    <skipped/>
  </testcase> <!-- testLogin -->
  <testcase classname="com.iRetryAnalyser_1.TestCase" name="testLogin" time="0.038">
    <skipped/>
  </testcase> <!-- testLogin -->
  <testcase classname="com.iRetryAnalyser_1.TestCase" name="testLogin" time="0.548">
    <failure type="java.lang.AssertionError" message="expected [Logged In Successfully] but found [Your username is invalid!]">
      <![CDATA[java.lang.AssertionError: expected [Logged In Successfully] but found [Your username is invalid!]
at com.iRetryAnalyser_1.TestCase.testLogin(TestCase.java:41)
at java.base/java.util.ArrayList.forEach(ArrayList.java:1597)
... Removed 31 stack frames]]>
    </failure>
  </testcase> <!-- testLogin -->
</testsuite> <!-- Test -->
