<?xml version="1.0" encoding="UTF-8"?>
<!-- Generated by org.testng.reporters.JUnitXMLReporter -->
<testsuite ignored="0" hostname="DESKTOP-E4QNE7I" failures="5" tests="29" name="Test" time="0.248" errors="0" timestamp="2026-02-06T11:54:41 IST">
  <testcase classname="com.iRetryAnalyser.TestCase_Method_2" name="test0" time="0.019"/>
  <testcase classname="com.iRetryAnalyser.TestCase_Method_2" name="test1" time="0.002"/>
  <testcase classname="com.iRetryAnalyser.TestCase_Method_2" name="test2" time="0.002"/>
  <testcase classname="com.iRetryAnalyser.TestCase_Method_2" name="test3" time="0.011">
    <skipped/>
  </testcase> <!-- test3 -->
  <testcase classname="com.iRetryAnalyser.TestCase_Method_2" name="test3" time="0.002">
    <skipped/>
  </testcase> <!-- test3 -->
  <testcase classname="com.iRetryAnalyser.TestCase_Method_2" name="test3" time="0.004">
    <skipped/>
  </testcase> <!-- test3 -->
  <testcase classname="com.iRetryAnalyser.TestCase_Method_2" name="test3" time="0.002">
    <skipped/>
  </testcase> <!-- test3 -->
  <testcase classname="com.iRetryAnalyser.TestCase_Method_2" name="test3" time="0.003">
    <failure type="java.lang.AssertionError" message="expected [4] but found [2]">
      <![CDATA[java.lang.AssertionError: expected [4] but found [2]
at com.iRetryAnalyser.TestCase_Method_2.test3(TestCase_Method_2.java:33)
at java.base/java.util.ArrayList.forEach(ArrayList.java:1597)
... Removed 32 stack frames]]>
    </failure>
  </testcase> <!-- test3 -->
  <testcase classname="com.iRetryAnalyser.TestCase_Method_2" name="test4" time="0.002">
    <skipped/>
  </testcase> <!-- test4 -->
  <testcase classname="com.iRetryAnalyser.TestCase_Method_2" name="test4" time="0.001">
    <skipped/>
  </testcase> <!-- test4 -->
  <testcase classname="com.iRetryAnalyser.TestCase_Method_2" name="test4" time="0.001">
    <skipped/>
  </testcase> <!-- test4 -->
  <testcase classname="com.iRetryAnalyser.TestCase_Method_2" name="test4" time="0.002">
    <skipped/>
  </testcase> <!-- test4 -->
  <testcase classname="com.iRetryAnalyser.TestCase_Method_2" name="test4" time="0.001">
    <failure type="java.lang.AssertionError" message="expected [4] but found [2]">
      <![CDATA[java.lang.AssertionError: expected [4] but found [2]
at com.iRetryAnalyser.TestCase_Method_2.test4(TestCase_Method_2.java:38)
at java.base/java.util.ArrayList.forEach(ArrayList.java:1597)
... Removed 32 stack frames]]>
    </failure>
  </testcase> <!-- test4 -->
  <testcase classname="com.iRetryAnalyser.TestCase_Method_2" name="test5" time="0.002">
    <skipped/>
  </testcase> <!-- test5 -->
  <testcase classname="com.iRetryAnalyser.TestCase_Method_2" name="test5" time="0.002">
    <skipped/>
  </testcase> <!-- test5 -->
  <testcase classname="com.iRetryAnalyser.TestCase_Method_2" name="test5" time="0.002">
    <skipped/>
  </testcase> <!-- test5 -->
  <testcase classname="com.iRetryAnalyser.TestCase_Method_2" name="test5" time="0.001">
    <skipped/>
  </testcase> <!-- test5 -->
  <testcase classname="com.iRetryAnalyser.TestCase_Method_2" name="test5" time="0.002">
    <failure type="java.lang.AssertionError" message="expected [4] but found [2]">
      <![CDATA[java.lang.AssertionError: expected [4] but found [2]
at com.iRetryAnalyser.TestCase_Method_2.test5(TestCase_Method_2.java:43)
at java.base/java.util.ArrayList.forEach(ArrayList.java:1597)
... Removed 32 stack frames]]>
    </failure>
  </testcase> <!-- test5 -->
  <testcase classname="com.iRetryAnalyser.TestCase_Method_2" name="test6" time="0.0">
    <skipped/>
  </testcase> <!-- test6 -->
  <testcase classname="com.iRetryAnalyser.TestCase_Method_2" name="test6" time="0.001">
    <skipped/>
  </testcase> <!-- test6 -->
  <testcase classname="com.iRetryAnalyser.TestCase_Method_2" name="test6" time="0.003">
    <skipped/>
  </testcase> <!-- test6 -->
  <testcase classname="com.iRetryAnalyser.TestCase_Method_2" name="test6" time="0.001">
    <skipped/>
  </testcase> <!-- test6 -->
  <testcase classname="com.iRetryAnalyser.TestCase_Method_2" name="test6" time="0.004">
    <failure type="java.lang.AssertionError" message="expected [4] but found [2]">
      <![CDATA[java.lang.AssertionError: expected [4] but found [2]
at com.iRetryAnalyser.TestCase_Method_2.test6(TestCase_Method_2.java:48)
at java.base/java.util.ArrayList.forEach(ArrayList.java:1597)
... Removed 32 stack frames]]>
    </failure>
  </testcase> <!-- test6 -->
  <testcase classname="com.iRetryAnalyser.TestCase_Method_2" name="test7" time="0.002">
    <skipped/>
  </testcase> <!-- test7 -->
  <testcase classname="com.iRetryAnalyser.TestCase_Method_2" name="test7" time="0.002">
    <skipped/>
  </testcase> <!-- test7 -->
  <testcase classname="com.iRetryAnalyser.TestCase_Method_2" name="test7" time="0.002">
    <skipped/>
  </testcase> <!-- test7 -->
  <testcase classname="com.iRetryAnalyser.TestCase_Method_2" name="test7" time="0.003">
    <skipped/>
  </testcase> <!-- test7 -->
  <testcase classname="com.iRetryAnalyser.TestCase_Method_2" name="test7" time="0.001">
    <failure type="java.lang.AssertionError" message="expected [4] but found [2]">
      <![CDATA[java.lang.AssertionError: expected [4] but found [2]
at com.iRetryAnalyser.TestCase_Method_2.test7(TestCase_Method_2.java:53)
at java.base/java.util.ArrayList.forEach(ArrayList.java:1597)
... Removed 32 stack frames]]>
    </failure>
  </testcase> <!-- test7 -->
  <testcase classname="com.iRetryAnalyser.TestCase_Method_2" name="test8" time="0.002"/>
</testsuite> <!-- Test -->
