<?xml version="1.0" encoding="UTF-8"?>
<testng-results ignored="0" total="4" passed="4" failed="0" skipped="0">
  <reporter-output>
  </reporter-output>
  <suite started-at="2026-02-02T21:15:49 IST" name="Default suite" finished-at="2026-02-02T21:16:09 IST" duration-ms="20377">
    <groups>
    </groups>
    <test started-at="2026-02-02T21:15:49 IST" name="Default test" finished-at="2026-02-02T21:16:09 IST" duration-ms="20377">
      <class name="com.TestNG_Selenium.Day26_runner">
        <test-method is-config="true" signature="before()[pri:0, instance:com.TestNG_Selenium.Day26_runner@5542c4ed]" started-at="2026-02-02T21:15:49 IST" name="before" finished-at="2026-02-02T21:15:55 IST" duration-ms="5713" status="PASS">
          <reporter-output>
          </reporter-output>
        </test-method> <!-- before -->
        <test-method signature="testLogin(java.lang.String,java.lang.String,java.lang.String)[pri:0, instance:com.TestNG_Selenium.Day26_runner@5542c4ed]" started-at="2026-02-02T21:15:55 IST" name="testLogin" data-provider="bg" finished-at="2026-02-02T21:15:56 IST" duration-ms="1681" status="PASS">
          <params>
            <param index="0">
              <value>
                <![CDATA[student]]>
              </value>
            </param>
            <param index="1">
              <value>
                <![CDATA[Password123]]>
              </value>
            </param>
            <param index="2">
              <value>
                <![CDATA[1]]>
              </value>
            </param>
          </params>
          <reporter-output>
          </reporter-output>
        </test-method> <!-- testLogin -->
        <test-method is-config="true" signature="after()[pri:0, instance:com.TestNG_Selenium.Day26_runner@5542c4ed]" started-at="2026-02-02T21:15:56 IST" name="after" finished-at="2026-02-02T21:15:56 IST" duration-ms="218" status="PASS">
          <reporter-output>
          </reporter-output>
        </test-method> <!-- after -->
        <test-method is-config="true" signature="before()[pri:0, instance:com.TestNG_Selenium.Day26_runner@5542c4ed]" started-at="2026-02-02T21:15:56 IST" name="before" finished-at="2026-02-02T21:16:00 IST" duration-ms="3737" status="PASS">
          <reporter-output>
          </reporter-output>
        </test-method> <!-- before -->
        <test-method signature="testLogin(java.lang.String,java.lang.String,java.lang.String)[pri:0, instance:com.TestNG_Selenium.Day26_runner@5542c4ed]" started-at="2026-02-02T21:16:00 IST" name="testLogin" data-provider="bg" finished-at="2026-02-02T21:16:01 IST" duration-ms="697" status="PASS">
          <params>
            <param index="0">
              <value>
                <![CDATA[student123]]>
              </value>
            </param>
            <param index="1">
              <value>
                <![CDATA[Password123]]>
              </value>
            </param>
            <param index="2">
              <value>
                <![CDATA[2]]>
              </value>
            </param>
          </params>
          <reporter-output>
          </reporter-output>
        </test-method> <!-- testLogin -->
        <test-method is-config="true" signature="after()[pri:0, instance:com.TestNG_Selenium.Day26_runner@5542c4ed]" started-at="2026-02-02T21:16:01 IST" name="after" finished-at="2026-02-02T21:16:01 IST" duration-ms="188" status="PASS">
          <reporter-output>
          </reporter-output>
        </test-method> <!-- after -->
        <test-method is-config="true" signature="before()[pri:0, instance:com.TestNG_Selenium.Day26_runner@5542c4ed]" started-at="2026-02-02T21:16:01 IST" name="before" finished-at="2026-02-02T21:16:04 IST" duration-ms="3239" status="PASS">
          <reporter-output>
          </reporter-output>
        </test-method> <!-- before -->
        <test-method signature="testLogin(java.lang.String,java.lang.String,java.lang.String)[pri:0, instance:com.TestNG_Selenium.Day26_runner@5542c4ed]" started-at="2026-02-02T21:16:04 IST" name="testLogin" data-provider="bg" finished-at="2026-02-02T21:16:05 IST" duration-ms="679" status="PASS">
          <params>
            <param index="0">
              <value>
                <![CDATA[student]]>
              </value>
            </param>
            <param index="1">
              <value>
                <![CDATA[Password]]>
              </value>
            </param>
            <param index="2">
              <value>
                <![CDATA[3]]>
              </value>
            </param>
          </params>
          <reporter-output>
          </reporter-output>
        </test-method> <!-- testLogin -->
        <test-method is-config="true" signature="after()[pri:0, instance:com.TestNG_Selenium.Day26_runner@5542c4ed]" started-at="2026-02-02T21:16:05 IST" name="after" finished-at="2026-02-02T21:16:05 IST" duration-ms="172" status="PASS">
          <reporter-output>
          </reporter-output>
        </test-method> <!-- after -->
        <test-method is-config="true" signature="before()[pri:0, instance:com.TestNG_Selenium.Day26_runner@5542c4ed]" started-at="2026-02-02T21:16:05 IST" name="before" finished-at="2026-02-02T21:16:08 IST" duration-ms="3182" status="PASS">
          <reporter-output>
          </reporter-output>
        </test-method> <!-- before -->
        <test-method signature="testLogin(java.lang.String,java.lang.String,java.lang.String)[pri:0, instance:com.TestNG_Selenium.Day26_runner@5542c4ed]" started-at="2026-02-02T21:16:08 IST" name="testLogin" data-provider="bg" finished-at="2026-02-02T21:16:09 IST" duration-ms="623" status="PASS">
          <params>
            <param index="0">
              <value>
                <![CDATA[]]>
              </value>
            </param>
            <param index="1">
              <value>
                <![CDATA[]]>
              </value>
            </param>
            <param index="2">
              <value>
                <![CDATA[4]]>
              </value>
            </param>
          </params>
          <reporter-output>
          </reporter-output>
        </test-method> <!-- testLogin -->
        <test-method is-config="true" signature="after()[pri:0, instance:com.TestNG_Selenium.Day26_runner@5542c4ed]" started-at="2026-02-02T21:16:09 IST" name="after" finished-at="2026-02-02T21:16:09 IST" duration-ms="173" status="PASS">
          <reporter-output>
          </reporter-output>
        </test-method> <!-- after -->
      </class> <!-- com.TestNG_Selenium.Day26_runner -->
    </test> <!-- Default test -->
  </suite> <!-- Default suite -->
</testng-results>
