<?xml version="1.0" encoding="UTF-8"?>
<testng-results ignored="0" total="2" passed="2" failed="0" skipped="0">
  <reporter-output>
  </reporter-output>
  <suite started-at="2026-01-30T10:36:47 IST" name="Default suite" finished-at="2026-01-30T10:37:20 IST" duration-ms="32979">
    <groups>
    </groups>
    <test started-at="2026-01-30T10:36:47 IST" name="Default test" finished-at="2026-01-30T10:37:20 IST" duration-ms="32979">
      <class name="com.POM.Runner.Runner_2">
        <test-method is-config="true" signature="before()[pri:0, instance:com.POM.Runner.Runner_2@3c46e67a]" started-at="2026-01-30T10:36:47 IST" name="before" finished-at="2026-01-30T10:37:14 IST" duration-ms="26687" status="PASS">
          <reporter-output>
          </reporter-output>
        </test-method> <!-- before -->
        <test-method signature="test()[pri:0, instance:com.POM.Runner.Runner_2@3c46e67a]" started-at="2026-01-30T10:37:14 IST" name="test" finished-at="2026-01-30T10:37:15 IST" duration-ms="692" status="PASS">
          <reporter-output>
          </reporter-output>
        </test-method> <!-- test -->
        <test-method is-config="true" signature="before()[pri:0, instance:com.POM.Runner.Runner_2@3c46e67a]" started-at="2026-01-30T10:37:15 IST" name="before" finished-at="2026-01-30T10:37:20 IST" duration-ms="4858" status="PASS">
          <reporter-output>
          </reporter-output>
        </test-method> <!-- before -->
        <test-method signature="test1()[pri:0, instance:com.POM.Runner.Runner_2@3c46e67a]" started-at="2026-01-30T10:37:20 IST" name="test1" finished-at="2026-01-30T10:37:20 IST" duration-ms="704" status="PASS">
          <reporter-output>
          </reporter-output>
        </test-method> <!-- test1 -->
      </class> <!-- com.POM.Runner.Runner_2 -->
    </test> <!-- Default test -->
  </suite> <!-- Default suite -->
</testng-results>
