<?xml version="1.0" encoding="UTF-8"?>
<!-- Generated by org.testng.reporters.JUnitReportReporter -->
<testsuite hostname="DESKTOP-E4QNE7I" failures="0" tests="4" name="com.TestNG_Selenium.Day26_runner" time="20.302" errors="0" timestamp="2026-02-02T21:16:09 IST" skipped="0">
  <testcase classname="com.TestNG_Selenium.Day26_runner" name="testLogin" time="4.606"/>
  <testcase classname="com.TestNG_Selenium.Day26_runner" name="testLogin" time="5.081"/>
  <testcase classname="com.TestNG_Selenium.Day26_runner" name="testLogin" time="4.035"/>
  <testcase classname="com.TestNG_Selenium.Day26_runner" name="testLogin" time="6.580"/>
</testsuite> <!-- com.TestNG_Selenium.Day26_runner -->
