<?xml version="1.0" encoding="UTF-8"?>
<!-- Generated by org.testng.reporters.JUnitReportReporter -->
<testsuite hostname="DESKTOP-E4QNE7I" failures="0" tests="3" name="com.TestNG.Day20_2_Keyboard_Practice" time="13.121" errors="0" timestamp="2026-01-29T20:19:09 IST" skipped="0">
  <testcase classname="com.TestNG.Day20_2_Keyboard_Practice" name="test" time="0.722"/>
  <testcase classname="com.TestNG.Day20_2_Keyboard_Practice" name="test1" time="11.354"/>
  <testcase classname="com.TestNG.Day20_2_Keyboard_Practice" name="test2" time="1.045"/>
</testsuite> <!-- com.TestNG.Day20_2_Keyboard_Practice -->
