<?xml version="1.0" encoding="UTF-8"?>
<!-- Generated by org.testng.reporters.JUnitReportReporter -->
<testsuite hostname="DESKTOP-E4QNE7I" failures="0" tests="4" name="com.TestNG.Day21_0_Select" time="2.681" errors="0" timestamp="2026-01-29T17:10:09 IST" skipped="2">
  <testcase classname="com.TestNG.Day21_0_Select" name="test2" time="0.436"/>
  <testcase classname="com.TestNG.Day21_0_Select" name="test3" time="2.245"/>
  <testcase classname="com.TestNG.Day21_0_Select" name="test1">
    <skipped/>
  </testcase> <!-- test1 -->
  <testcase classname="com.TestNG.Day21_0_Select" name="test">
    <skipped/>
  </testcase> <!-- test -->
</testsuite> <!-- com.TestNG.Day21_0_Select -->
