<?xml version="1.0" encoding="UTF-8"?>
<!-- Generated by org.testng.reporters.JUnitReportReporter -->
<testsuite hostname="DESKTOP-E4QNE7I" failures="0" tests="3" name="com.TestNG.Day21_2_Task2" time="0.922" errors="0" timestamp="2026-01-29T17:09:08 IST" skipped="0">
  <testcase classname="com.TestNG.Day21_2_Task2" name="test2" time="0.255"/>
  <testcase classname="com.TestNG.Day21_2_Task2" name="test" time="0.450"/>
  <testcase classname="com.TestNG.Day21_2_Task2" name="test1" time="0.217"/>
</testsuite> <!-- com.TestNG.Day21_2_Task2 -->
