<?xml version="1.0" encoding="UTF-8"?>
<!-- Generated by org.testng.reporters.JUnitReportReporter -->
<testsuite hostname="DESKTOP-E4QNE7I" failures="0" tests="3" name="com.TestNG_Selenium.Day30_Parameter" time="58.909" errors="0" timestamp="2026-02-06T17:45:00 IST" skipped="0">
  <testcase classname="com.TestNG_Selenium.Day30_Parameter" name="testcase" time="11.366"/>
  <testcase classname="com.TestNG_Selenium.Day30_Parameter" name="testcase" time="6.554"/>
  <testcase classname="com.TestNG_Selenium.Day30_Parameter" name="testcase" time="40.989"/>
</testsuite> <!-- com.TestNG_Selenium.Day30_Parameter -->
