<?xml version="1.0" encoding="UTF-8"?>
<!-- Generated by org.testng.reporters.JUnitReportReporter -->
<testsuite hostname="DESKTOP-E4QNE7I" failures="0" tests="1" name="com.tka.jbk.crm_1.Selenium_Script.Day12_new_HeadLess_Browser" time="9.388" errors="0" timestamp="2026-04-14T09:04:07 IST" skipped="0">
  <testcase classname="com.tka.jbk.crm_1.Selenium_Script.Day12_new_HeadLess_Browser" name="testCase" time="9.388"/>
</testsuite> <!-- com.tka.jbk.crm_1.Selenium_Script.Day12_new_HeadLess_Browser -->
