<?xml version="1.0" encoding="UTF-8"?>
<!-- Generated by org.testng.reporters.JUnitReportReporter -->
<testsuite hostname="DESKTOP-E4QNE7I" failures="0" tests="1" name="com.Practice_TKA_JBK.Day26_practice_Run" time="26.310" errors="1" timestamp="2026-02-03T12:49:29 IST" skipped="0">
  <testcase classname="com.Practice_TKA_JBK.Day26_practice_Run" name="test" time="26.310">
    <error message="element click intercepted: Element &lt;li list-select=&quot;&quot; class=&quot;ng-scope&quot;&gt;...&lt;/li&gt; is not clickable at point (604, 586). Other element would receive the click: &lt;iframe id=&quot;aswift_3&quot; name=&quot;aswift_3&quot; style=&quot;min-height: auto; max-height: none; min-width: auto; max-width: none; width: 728px !important; height: 90px !important; display: block; margin: 0px auto;&quot; sandbox=&quot;allow-forms allow-popups allow-popups-to-escape-sandbox allow-same-origin allow-scripts allow-top-navigation-by-user-activation&quot; width=&quot;728&quot; height=&quot;90&quot; frameborder=&quot;0&quot; marginwidth=&quot;0&quot; marginheight=&quot;0&quot; vspace=&quot;0&quot; hspace=&quot;0&quot; allowtransparency=&quot;true&quot; scrolling=&quot;no&quot; allow=&quot;attribution-reporting; run-ad-auction&quot; src=&quot;https://googleads.g.doubleclick.net/pagead/html/r20260129/r20190131/zrt_lookup_fy2021.html#RS-0-&amp;amp;adk=1812271801&amp;amp;client=ca-pub-9173866185064071&amp;amp;fa=1&amp;amp;ifi=4&amp;amp;uci=a!4&amp;amp;btvi=2&quot; data-google-container-id=&quot;a!4&quot; tabindex=&quot;0&quot; title=&quot;Advertisement&quot; aria-label=&quot;Advertisement&quot; data-google-query-id=&quot;CLXBgonkvJIDFSOe2AUd_KwpWg&quot; data-load-complete=&quot;true&quot;&gt;&lt;/iframe&gt;
  (Session info: chrome=144.0.7559.110)
Build info: version: &#039;4.38.0&#039;, revision: &#039;6b412e825c*&#039;
System info: os.name: &#039;Windows 11&#039;, os.arch: &#039;amd64&#039;, os.version: &#039;10.0&#039;, java.version: &#039;22.0.2&#039;
Driver info: org.openqa.selenium.chrome.ChromeDriver
Command: [892c713b45b701d885feb972e6c5ed8f, clickElement {id=f.96F54F06DDB3092C3D3135B67B7F3DC7.d.68BD458C30567AC17E138253FC049B60.e.1249}]
Capabilities {acceptInsecureCerts: false, browserName: chrome, browserVersion: 144.0.7559.110, chrome: {chromedriverVersion: 144.0.7559.109 (6a8d5e49388..., userDataDir: C:\WINDOWS\SystemTemp\scope...}, fedcm:accounts: true, goog:chromeOptions: {debuggerAddress: localhost:51964}, goog:processID: 19408, networkConnectionEnabled: false, pageLoadStrategy: normal, platformName: windows, proxy: Proxy(), se:cdp: ws://localhost:51964/devtoo..., se:cdpVersion: 144.0.7559.110, setWindowRect: true, strictFileInteractability: false, timeouts: {implicit: 0, pageLoad: 300000, script: 30000}, unhandledPromptBehavior: dismiss and notify, webauthn:extension:credBlob: true, webauthn:extension:largeBlob: true, webauthn:extension:minPinLength: true, webauthn:extension:prf: true, webauthn:virtualAuthenticators: true}
Element: [[ChromeDriver: chrome on windows (892c713b45b701d885feb972e6c5ed8f)] -&gt; xpath: //li[@class=&#039;ng-scope&#039;]]
Session ID: 892c713b45b701d885feb972e6c5ed8f" type="org.openqa.selenium.ElementClickInterceptedException">
      <![CDATA[org.openqa.selenium.ElementClickInterceptedException: element click intercepted: Element <li list-select="" class="ng-scope">...</li> is not clickable at point (604, 586). Other element would receive the click: <iframe id="aswift_3" name="aswift_3" style="min-height: auto; max-height: none; min-width: auto; max-width: none; width: 728px !important; height: 90px !important; display: block; margin: 0px auto;" sandbox="allow-forms allow-popups allow-popups-to-escape-sandbox allow-same-origin allow-scripts allow-top-navigation-by-user-activation" width="728" height="90" frameborder="0" marginwidth="0" marginheight="0" vspace="0" hspace="0" allowtransparency="true" scrolling="no" allow="attribution-reporting; run-ad-auction" src="https://googleads.g.doubleclick.net/pagead/html/r20260129/r20190131/zrt_lookup_fy2021.html#RS-0-&amp;adk=1812271801&amp;client=ca-pub-9173866185064071&amp;fa=1&amp;ifi=4&amp;uci=a!4&amp;btvi=2" data-google-container-id="a!4" tabindex="0" title="Advertisement" aria-label="Advertisement" data-google-query-id="CLXBgonkvJIDFSOe2AUd_KwpWg" data-load-complete="true"></iframe>
  (Session info: chrome=144.0.7559.110)
Build info: version: '4.38.0', revision: '6b412e825c*'
System info: os.name: 'Windows 11', os.arch: 'amd64', os.version: '10.0', java.version: '22.0.2'
Driver info: org.openqa.selenium.chrome.ChromeDriver
Command: [892c713b45b701d885feb972e6c5ed8f, clickElement {id=f.96F54F06DDB3092C3D3135B67B7F3DC7.d.68BD458C30567AC17E138253FC049B60.e.1249}]
Capabilities {acceptInsecureCerts: false, browserName: chrome, browserVersion: 144.0.7559.110, chrome: {chromedriverVersion: 144.0.7559.109 (6a8d5e49388..., userDataDir: C:\WINDOWS\SystemTemp\scope...}, fedcm:accounts: true, goog:chromeOptions: {debuggerAddress: localhost:51964}, goog:processID: 19408, networkConnectionEnabled: false, pageLoadStrategy: normal, platformName: windows, proxy: Proxy(), se:cdp: ws://localhost:51964/devtoo..., se:cdpVersion: 144.0.7559.110, setWindowRect: true, strictFileInteractability: false, timeouts: {implicit: 0, pageLoad: 300000, script: 30000}, unhandledPromptBehavior: dismiss and notify, webauthn:extension:credBlob: true, webauthn:extension:largeBlob: true, webauthn:extension:minPinLength: true, webauthn:extension:prf: true, webauthn:virtualAuthenticators: true}
Element: [[ChromeDriver: chrome on windows (892c713b45b701d885feb972e6c5ed8f)] -> xpath: //li[@class='ng-scope']]
Session ID: 892c713b45b701d885feb972e6c5ed8f
at java.base/jdk.internal.reflect.DirectConstructorHandleAccessor.newInstance(DirectConstructorHandleAccessor.java:62)
at java.base/java.lang.reflect.Constructor.newInstanceWithCaller(Constructor.java:502)
at java.base/java.lang.reflect.Constructor.newInstance(Constructor.java:486)
at org.openqa.selenium.remote.ErrorCodec.decode(ErrorCodec.java:167)
at org.openqa.selenium.remote.codec.w3c.W3CHttpResponseCodec.decode(W3CHttpResponseCodec.java:138)
at org.openqa.selenium.remote.codec.w3c.W3CHttpResponseCodec.decode(W3CHttpResponseCodec.java:50)
at org.openqa.selenium.remote.HttpCommandExecutor.execute(HttpCommandExecutor.java:215)
at org.openqa.selenium.remote.service.DriverCommandExecutor.invokeExecute(DriverCommandExecutor.java:216)
at org.openqa.selenium.remote.service.DriverCommandExecutor.execute(DriverCommandExecutor.java:174)
at org.openqa.selenium.remote.RemoteWebDriver.execute(RemoteWebDriver.java:557)
at org.openqa.selenium.remote.RemoteWebElement.execute(RemoteWebElement.java:223)
at org.openqa.selenium.remote.RemoteWebElement.click(RemoteWebElement.java:76)
at com.Practice_TKA_JBK.Day26_practice_Main.language(Day26_practice_Main.java:194)
at com.Practice_TKA_JBK.Day26_practice_Run.test(Day26_practice_Run.java:40)
at java.base/jdk.internal.reflect.DirectMethodHandleAccessor.invoke(DirectMethodHandleAccessor.java:103)
at java.base/java.lang.reflect.Method.invoke(Method.java:580)
at org.testng.internal.invokers.MethodInvocationHelper.invokeMethod(MethodInvocationHelper.java:141)
at org.testng.internal.invokers.TestInvoker.invokeMethod(TestInvoker.java:687)
at org.testng.internal.invokers.TestInvoker.invokeTestMethod(TestInvoker.java:230)
at org.testng.internal.invokers.MethodRunner.runInSequence(MethodRunner.java:63)
at org.testng.internal.invokers.TestInvoker$MethodInvocationAgent.invoke(TestInvoker.java:995)
at org.testng.internal.invokers.TestInvoker.invokeTestMethods(TestInvoker.java:203)
at org.testng.internal.invokers.TestMethodWorker.invokeTestMethods(TestMethodWorker.java:154)
at org.testng.internal.invokers.TestMethodWorker.run(TestMethodWorker.java:134)
at java.base/java.util.ArrayList.forEach(ArrayList.java:1597)
at org.testng.TestRunner.privateRun(TestRunner.java:741)
at org.testng.TestRunner.run(TestRunner.java:616)
at org.testng.SuiteRunner.runTest(SuiteRunner.java:421)
at org.testng.SuiteRunner.runSequentially(SuiteRunner.java:413)
at org.testng.SuiteRunner.privateRun(SuiteRunner.java:373)
at org.testng.SuiteRunner.run(SuiteRunner.java:312)
at org.testng.SuiteRunnerWorker.runSuite(SuiteRunnerWorker.java:52)
at org.testng.SuiteRunnerWorker.run(SuiteRunnerWorker.java:95)
at org.testng.TestNG.runSuitesSequentially(TestNG.java:1274)
at org.testng.TestNG.runSuitesLocally(TestNG.java:1208)
at org.testng.TestNG.runSuites(TestNG.java:1112)
at org.testng.TestNG.run(TestNG.java:1079)
at org.testng.remote.AbstractRemoteTestNG.run(AbstractRemoteTestNG.java:115)
at org.testng.remote.RemoteTestNG.initAndRun(RemoteTestNG.java:293)
at org.testng.remote.RemoteTestNG.main(RemoteTestNG.java:91)
]]>
    </error>
  </testcase> <!-- test -->
</testsuite> <!-- com.Practice_TKA_JBK.Day26_practice_Run -->
