<?xml version="1.0" encoding="UTF-8"?>
<!-- Generated by org.testng.reporters.JUnitReportReporter -->
<testsuite hostname="DESKTOP-E4QNE7I" failures="0" tests="6" name="com.TestNG_Selenium.Day12_5_TimeOut" time="0.028" errors="0" timestamp="2026-04-08T13:16:05 IST" skipped="1">
  <testcase classname="com.TestNG_Selenium.Day12_5_TimeOut" name="logout" time="0.001"/>
  <testcase classname="com.TestNG_Selenium.Day12_5_TimeOut" name="loggedIn" time="0.015"/>
  <testcase classname="com.TestNG_Selenium.Day12_5_TimeOut" name="display" time="0.007"/>
  <testcase classname="com.TestNG_Selenium.Day12_5_TimeOut" name="search" time="0.003"/>
  <testcase classname="com.TestNG_Selenium.Day12_5_TimeOut" name="register" time="0.002"/>
  <testcase classname="com.TestNG_Selenium.Day12_5_TimeOut" name="view">
    <skipped/>
  </testcase> <!-- view -->
</testsuite> <!-- com.TestNG_Selenium.Day12_5_TimeOut -->
